#
# There is insufficient memory for the Java Runtime Environment to continue.
# Native memory allocation (malloc) failed to allocate 32744 bytes for ChunkPool::allocate
# Possible reasons:
#   The system is out of physical RAM or swap space
#   In 32 bit mode, the process size limit was hit
# Possible solutions:
#   Reduce memory load on the system
#   Increase physical memory or swap space
#   Check if swap backing store is full
#   Use 64 bit Java on a 64 bit OS
#   Decrease Java heap size (-Xmx/-Xms)
#   Decrease number of Java threads
#   Decrease Java thread stack sizes (-Xss)
#   Set larger code cache with -XX:ReservedCodeCacheSize=
# This output file may be truncated or incomplete.
#
#  Out of Memory Error (allocation.cpp:211), pid=10920, tid=2604
#
# JRE version: Java(TM) SE Runtime Environment (7.0_51-b13) (build 1.7.0_51-b13)
# Java VM: Java HotSpot(TM) 64-Bit Server VM (24.51-b03 mixed mode windows-amd64 compressed oops)
# Failed to write core dump. Minidumps are not enabled by default on client versions of Windows
#

---------------  T H R E A D  ---------------

Current thread (0x000000000825e000):  JavaThread "C2 CompilerThread1" daemon [_thread_in_native, id=2604, stack(0x00000000098c0000,0x00000000099c0000)]

Stack: [0x00000000098c0000,0x00000000099c0000]

Current CompileTask:
C2:  12602  532             com.android.dx.dex.code.RopTranslator$LocalVariableAwareTranslationVisitor::visitThrowingCstInsn (11 bytes)


---------------  P R O C E S S  ---------------

Java Threads: ( => current thread )
  0x0000000008260800 JavaThread "Service Thread" daemon [_thread_blocked, id=8172, stack(0x00000000099c0000,0x0000000009ac0000)]
=>0x000000000825e000 JavaThread "C2 CompilerThread1" daemon [_thread_in_native, id=2604, stack(0x00000000098c0000,0x00000000099c0000)]
  0x0000000008254800 JavaThread "C2 CompilerThread0" daemon [_thread_blocked, id=9928, stack(0x00000000097c0000,0x00000000098c0000)]
  0x0000000008253800 JavaThread "Attach Listener" daemon [_thread_blocked, id=7580, stack(0x00000000096c0000,0x00000000097c0000)]
  0x0000000008250800 JavaThread "Signal Dispatcher" daemon [_thread_blocked, id=11732, stack(0x00000000095c0000,0x00000000096c0000)]
  0x000000000821d800 JavaThread "Finalizer" daemon [_thread_blocked, id=7216, stack(0x00000000094c0000,0x00000000095c0000)]
  0x0000000008212000 JavaThread "Reference Handler" daemon [_thread_blocked, id=8116, stack(0x00000000093c0000,0x00000000094c0000)]
  0x0000000002380800 JavaThread "main" [_thread_in_Java, id=5520, stack(0x0000000002280000,0x0000000002380000)]

Other Threads:
  0x0000000008210000 VMThread [stack: 0x00000000092c0000,0x00000000093c0000] [id=1976]
  0x0000000008272000 WatcherThread [stack: 0x0000000009ac0000,0x0000000009bc0000] [id=11564]

VM state:not at safepoint (normal execution)

VM Mutex/Monitor currently owned by a thread: None

Heap
 PSYoungGen      total 72192K, used 54285K [0x00000000eaa80000, 0x00000000efb80000, 0x0000000100000000)
  eden space 64512K, 72% used [0x00000000eaa80000,0x00000000ed809d88,0x00000000ee980000)
  from space 7680K, 99% used [0x00000000ef200000,0x00000000ef9797d8,0x00000000ef980000)
  to   space 8704K, 0% used [0x00000000ee980000,0x00000000ee980000,0x00000000ef200000)
 ParOldGen       total 43008K, used 14662K [0x00000000c0000000, 0x00000000c2a00000, 0x00000000eaa80000)
  object space 43008K, 34% used [0x00000000c0000000,0x00000000c0e51ae8,0x00000000c2a00000)
 PSPermGen       total 21504K, used 5639K [0x00000000bae00000, 0x00000000bc300000, 0x00000000c0000000)
  object space 21504K, 26% used [0x00000000bae00000,0x00000000bb381fe0,0x00000000bc300000)

Card table byte_map: [0x0000000005480000,0x00000000056b0000] byte_map_base: 0x0000000004ea9000

Polling page: 0x0000000000920000

Code Cache  [0x0000000002480000, 0x00000000026f0000, 0x0000000005480000)
 total_blobs=764 nmethods=530 adapters=186 free_code_cache=46961Kb largest_free_block=48058496

Compilation events (10 events):
Event: 12.441 Thread 0x0000000008254800  537             java.util.ArrayList::<init> (44 bytes)
Event: 12.443 Thread 0x0000000008254800 nmethod 537 0x00000000026950d0 code [0x0000000002695220, 0x0000000002695358]
Event: 12.443 Thread 0x0000000008254800  538   !         java.util.BitSet::clone (48 bytes)
Event: 12.448 Thread 0x0000000008254800 nmethod 538 0x00000000026967d0 code [0x0000000002696940, 0x0000000002696ce8]
Event: 12.448 Thread 0x0000000008254800  539             com.android.dx.cf.direct.AttributeListParser::parseIfNecessary (12 bytes)
Event: 12.454 Thread 0x0000000008254800 nmethod 539 0x0000000002695e10 code [0x0000000002695f80, 0x00000000026962c8]
Event: 12.454 Thread 0x0000000008254800  540             com.android.dx.util.ByteArray::getInt (47 bytes)
Event: 12.456 Thread 0x0000000008254800 nmethod 540 0x0000000002695a50 code [0x0000000002695ba0, 0x0000000002695cd8]
Event: 12.456 Thread 0x0000000008254800  541             com.android.dx.ssa.back.SsaToRop::moveParametersToHighRegisters (88 bytes)
Event: 12.464 Thread 0x0000000008254800 nmethod 541 0x0000000002691350 code [0x00000000026914e0, 0x0000000002691888]

GC Heap History (10 events):
Event: 3.379 GC heap before
{Heap before GC invocations=2 (full 0):
 PSYoungGen      total 18944K, used 18935K [0x00000000eaa80000, 0x00000000ebf80000, 0x0000000100000000)
  eden space 16384K, 100% used [0x00000000eaa80000,0x00000000eba80000,0x00000000eba80000)
  from space 2560K, 99% used [0x00000000eba80000,0x00000000ebcfdc78,0x00000000ebd00000)
  to   space 2560K, 0% used [0x00000000ebd00000,0x00000000ebd00000,0x00000000ebf80000)
 ParOldGen       total 43008K, used 1642K [0x00000000c0000000, 0x00000000c2a00000, 0x00000000eaa80000)
  object space 43008K, 3% used [0x00000000c0000000,0x00000000c019a9b0,0x00000000c2a00000)
 PSPermGen       total 21504K, used 5481K [0x00000000bae00000, 0x00000000bc300000, 0x00000000c0000000)
  object space 21504K, 25% used [0x00000000bae00000,0x00000000bb35a5b8,0x00000000bc300000)
Event: 3.483 GC heap after
Heap after GC invocations=2 (full 0):
 PSYoungGen      total 18944K, used 2556K [0x00000000eaa80000, 0x00000000ecf80000, 0x0000000100000000)
  eden space 16384K, 0% used [0x00000000eaa80000,0x00000000eaa80000,0x00000000eba80000)
  from space 2560K, 99% used [0x00000000ebd00000,0x00000000ebf7f088,0x00000000ebf80000)
  to   space 2560K, 0% used [0x00000000eba80000,0x00000000eba80000,0x00000000ebd00000)
 ParOldGen       total 43008K, used 4079K [0x00000000c0000000, 0x00000000c2a00000, 0x00000000eaa80000)
  object space 43008K, 9% used [0x00000000c0000000,0x00000000c03fbf28,0x00000000c2a00000)
 PSPermGen       total 21504K, used 5481K [0x00000000bae00000, 0x00000000bc300000, 0x00000000c0000000)
  object space 21504K, 25% used [0x00000000bae00000,0x00000000bb35a5b8,0x00000000bc300000)
}
Event: 5.276 GC heap before
{Heap before GC invocations=3 (full 0):
 PSYoungGen      total 18944K, used 18940K [0x00000000eaa80000, 0x00000000ecf80000, 0x0000000100000000)
  eden space 16384K, 100% used [0x00000000eaa80000,0x00000000eba80000,0x00000000eba80000)
  from space 2560K, 99% used [0x00000000ebd00000,0x00000000ebf7f088,0x00000000ebf80000)
  to   space 2560K, 0% used [0x00000000eba80000,0x00000000eba80000,0x00000000ebd00000)
 ParOldGen       total 43008K, used 4079K [0x00000000c0000000, 0x00000000c2a00000, 0x00000000eaa80000)
  object space 43008K, 9% used [0x00000000c0000000,0x00000000c03fbf28,0x00000000c2a00000)
 PSPermGen       total 21504K, used 5512K [0x00000000bae00000, 0x00000000bc300000, 0x00000000c0000000)
  object space 21504K, 25% used [0x00000000bae00000,0x00000000bb3621f8,0x00000000bc300000)
Event: 5.519 GC heap after
Heap after GC invocations=3 (full 0):
 PSYoungGen      total 18944K, used 2540K [0x00000000eaa80000, 0x00000000ecf80000, 0x0000000100000000)
  eden space 16384K, 0% used [0x00000000eaa80000,0x00000000eaa80000,0x00000000eba80000)
  from space 2560K, 99% used [0x00000000eba80000,0x00000000ebcfb2c0,0x00000000ebd00000)
  to   space 2560K, 0% used [0x00000000ecd00000,0x00000000ecd00000,0x00000000ecf80000)
 ParOldGen       total 43008K, used 6793K [0x00000000c0000000, 0x00000000c2a00000, 0x00000000eaa80000)
  object space 43008K, 15% used [0x00000000c0000000,0x00000000c06a2460,0x00000000c2a00000)
 PSPermGen       total 21504K, used 5512K [0x00000000bae00000, 0x00000000bc300000, 0x00000000c0000000)
  object space 21504K, 25% used [0x00000000bae00000,0x00000000bb3621f8,0x00000000bc300000)
}
Event: 7.499 GC heap before
{Heap before GC invocations=4 (full 0):
 PSYoungGen      total 18944K, used 18924K [0x00000000eaa80000, 0x00000000ecf80000, 0x0000000100000000)
  eden space 16384K, 100% used [0x00000000eaa80000,0x00000000eba80000,0x00000000eba80000)
  from space 2560K, 99% used [0x00000000eba80000,0x00000000ebcfb2c0,0x00000000ebd00000)
  to   space 2560K, 0% used [0x00000000ecd00000,0x00000000ecd00000,0x00000000ecf80000)
 ParOldGen       total 43008K, used 6793K [0x00000000c0000000, 0x00000000c2a00000, 0x00000000eaa80000)
  object space 43008K, 15% used [0x00000000c0000000,0x00000000c06a2460,0x00000000c2a00000)
 PSPermGen       total 21504K, used 5562K [0x00000000bae00000, 0x00000000bc300000, 0x00000000c0000000)
  object space 21504K, 25% used [0x00000000bae00000,0x00000000bb36e888,0x00000000bc300000)
Event: 7.606 GC heap after
Heap after GC invocations=4 (full 0):
 PSYoungGen      total 35328K, used 2558K [0x00000000eaa80000, 0x00000000ecf80000, 0x0000000100000000)
  eden space 32768K, 0% used [0x00000000eaa80000,0x00000000eaa80000,0x00000000eca80000)
  from space 2560K, 99% used [0x00000000ecd00000,0x00000000ecf7fb10,0x00000000ecf80000)
  to   space 2560K, 0% used [0x00000000eca80000,0x00000000eca80000,0x00000000ecd00000)
 ParOldGen       total 43008K, used 9563K [0x00000000c0000000, 0x00000000c2a00000, 0x00000000eaa80000)
  object space 43008K, 22% used [0x00000000c0000000,0x00000000c0956e30,0x00000000c2a00000)
 PSPermGen       total 21504K, used 5562K [0x00000000bae00000, 0x00000000bc300000, 0x00000000c0000000)
  object space 21504K, 25% used [0x00000000bae00000,0x00000000bb36e888,0x00000000bc300000)
}
Event: 10.025 GC heap before
{Heap before GC invocations=5 (full 0):
 PSYoungGen      total 35328K, used 35326K [0x00000000eaa80000, 0x00000000ecf80000, 0x0000000100000000)
  eden space 32768K, 100% used [0x00000000eaa80000,0x00000000eca80000,0x00000000eca80000)
  from space 2560K, 99% used [0x00000000ecd00000,0x00000000ecf7fb10,0x00000000ecf80000)
  to   space 2560K, 0% used [0x00000000eca80000,0x00000000eca80000,0x00000000ecd00000)
 ParOldGen       total 43008K, used 9563K [0x00000000c0000000, 0x00000000c2a00000, 0x00000000eaa80000)
  object space 43008K, 22% used [0x00000000c0000000,0x00000000c0956e30,0x00000000c2a00000)
 PSPermGen       total 21504K, used 5591K [0x00000000bae00000, 0x00000000bc300000, 0x00000000c0000000)
  object space 21504K, 26% used [0x00000000bae00000,0x00000000bb375c58,0x00000000bc300000)
Event: 10.105 GC heap after
Heap after GC invocations=5 (full 0):
 PSYoungGen      total 35328K, used 2544K [0x00000000eaa80000, 0x00000000ef980000, 0x0000000100000000)
  eden space 32768K, 0% used [0x00000000eaa80000,0x00000000eaa80000,0x00000000eca80000)
  from space 2560K, 99% used [0x00000000eca80000,0x00000000eccfc270,0x00000000ecd00000)
  to   space 7680K, 0% used [0x00000000ef200000,0x00000000ef200000,0x00000000ef980000)
 ParOldGen       total 43008K, used 14544K [0x00000000c0000000, 0x00000000c2a00000, 0x00000000eaa80000)
  object space 43008K, 33% used [0x00000000c0000000,0x00000000c0e341c0,0x00000000c2a00000)
 PSPermGen       total 21504K, used 5591K [0x00000000bae00000, 0x00000000bc300000, 0x00000000c0000000)
  object space 21504K, 26% used [0x00000000bae00000,0x00000000bb375c58,0x00000000bc300000)
}
Event: 11.454 GC heap before
{Heap before GC invocations=6 (full 0):
 PSYoungGen      total 35328K, used 35312K [0x00000000eaa80000, 0x00000000ef980000, 0x0000000100000000)
  eden space 32768K, 100% used [0x00000000eaa80000,0x00000000eca80000,0x00000000eca80000)
  from space 2560K, 99% used [0x00000000eca80000,0x00000000eccfc270,0x00000000ecd00000)
  to   space 7680K, 0% used [0x00000000ef200000,0x00000000ef200000,0x00000000ef980000)
 ParOldGen       total 43008K, used 14544K [0x00000000c0000000, 0x00000000c2a00000, 0x00000000eaa80000)
  object space 43008K, 33% used [0x00000000c0000000,0x00000000c0e341c0,0x00000000c2a00000)
 PSPermGen       total 21504K, used 5609K [0x00000000bae00000, 0x00000000bc300000, 0x00000000c0000000)
  object space 21504K, 26% used [0x00000000bae00000,0x00000000bb37a478,0x00000000bc300000)
Event: 11.528 GC heap after
Heap after GC invocations=6 (full 0):
 PSYoungGen      total 72192K, used 7653K [0x00000000eaa80000, 0x00000000efb80000, 0x0000000100000000)
  eden space 64512K, 0% used [0x00000000eaa80000,0x00000000eaa80000,0x00000000ee980000)
  from space 7680K, 99% used [0x00000000ef200000,0x00000000ef9797d8,0x00000000ef980000)
  to   space 8704K, 0% used [0x00000000ee980000,0x00000000ee980000,0x00000000ef200000)
 ParOldGen       total 43008K, used 14662K [0x00000000c0000000, 0x00000000c2a00000, 0x00000000eaa80000)
  object space 43008K, 34% used [0x00000000c0000000,0x00000000c0e51ae8,0x00000000c2a00000)
 PSPermGen       total 21504K, used 5609K [0x00000000bae00000, 0x00000000bc300000, 0x00000000c0000000)
  object space 21504K, 26% used [0x00000000bae00000,0x00000000bb37a478,0x00000000bc300000)
}

Deoptimization events (10 events):
Event: 9.681 Thread 0x0000000002380800 Uncommon trap: reason=unreached action=reinterpret pc=0x000000000254f58c method=com.android.dx.ssa.LocalVariableExtractor.processBlock(I)V @ 251
Event: 10.206 Thread 0x0000000002380800 Uncommon trap: reason=class_check action=maybe_recompile pc=0x0000000002604aa0 method=com.android.dx.ssa.SCCP.replaceConstants()V @ 127
Event: 10.316 Thread 0x0000000002380800 Uncommon trap: reason=class_check action=maybe_recompile pc=0x0000000002604aa0 method=com.android.dx.ssa.SCCP.replaceConstants()V @ 127
Event: 10.607 Thread 0x0000000002380800 Uncommon trap: reason=null_check action=make_not_entrant pc=0x00000000025a726c method=com.android.dx.dex.file.FieldIdsSection.intern(Lcom/android/dx/rop/cst/CstFieldRef;)Lcom/android/dx/dex/file/FieldIdItem; @ 26
Event: 10.703 Thread 0x0000000002380800 Uncommon trap: reason=class_check action=maybe_recompile pc=0x0000000002604aa0 method=com.android.dx.ssa.SCCP.replaceConstants()V @ 127
Event: 10.901 Thread 0x0000000002380800 Uncommon trap: reason=class_check action=maybe_recompile pc=0x0000000002620410 method=com.android.dx.cf.code.RopperMachine.run(Lcom/android/dx/cf/code/Frame;II)V @ 1024
Event: 11.620 Thread 0x0000000002380800 Uncommon trap: reason=bimorphic action=maybe_recompile pc=0x00000000026570e8 method=com.android.dx.cf.code.BytecodeArray.parseInstruction(ILcom/android/dx/cf/code/BytecodeArray$Visitor;)I @ 2484
Event: 11.620 Thread 0x0000000002380800 Uncommon trap: reason=bimorphic action=maybe_recompile pc=0x00000000026570e8 method=com.android.dx.cf.code.BytecodeArray.parseInstruction(ILcom/android/dx/cf/code/BytecodeArray$Visitor;)I @ 2484
Event: 11.620 Thread 0x0000000002380800 Uncommon trap: reason=bimorphic action=maybe_recompile pc=0x00000000026570e8 method=com.android.dx.cf.code.BytecodeArray.parseInstruction(ILcom/android/dx/cf/code/BytecodeArray$Visitor;)I @ 2484
Event: 11.620 Thread 0x0000000002380800 Uncommon trap: reason=bimorphic action=maybe_recompile pc=0x00000000026570e8 method=com.android.dx.cf.code.BytecodeArray.parseInstruction(ILcom/android/dx/cf/code/BytecodeArray$Visitor;)I @ 2484

Internal exceptions (10 events):
Event: 4.653 Thread 0x0000000002380800 Implicit null exception at 0x00000000025bbc6c to 0x00000000025bd119
Event: 4.890 Thread 0x0000000002380800 Threw 0x00000000eb6c5fe8 at C:\re\jdk7u51\527\hotspot\src\share\vm\prims\jvm.cpp:1244
Event: 5.999 Thread 0x0000000002380800 Threw 0x00000000eaf5c968 at C:\re\jdk7u51\527\hotspot\src\share\vm\prims\jvm.cpp:1244
Event: 6.000 Thread 0x0000000002380800 Threw 0x00000000eaf5ee80 at C:\re\jdk7u51\527\hotspot\src\share\vm\prims\jvm.cpp:1244
Event: 6.168 Thread 0x0000000002380800 Threw 0x00000000eb10de10 at C:\re\jdk7u51\527\hotspot\src\share\vm\prims\jvm.cpp:1244
Event: 6.169 Thread 0x0000000002380800 Threw 0x00000000eb113640 at C:\re\jdk7u51\527\hotspot\src\share\vm\prims\jvm.cpp:1244
Event: 6.170 Thread 0x0000000002380800 Threw 0x00000000eb118bf8 at C:\re\jdk7u51\527\hotspot\src\share\vm\prims\jvm.cpp:1244
Event: 7.898 Thread 0x0000000002380800 Implicit null exception at 0x0000000002633d78 to 0x0000000002634c1c
Event: 9.530 Thread 0x0000000002380800 Threw 0x00000000ec321dd8 at C:\re\jdk7u51\527\hotspot\src\share\vm\prims\jvm.cpp:1244
Event: 12.385 Thread 0x0000000002380800 Threw 0x00000000ecedcea0 at C:\re\jdk7u51\527\hotspot\src\share\vm\prims\jvm.cpp:1244

Events (10 events):
Event: 11.620 Thread 0x0000000002380800 DEOPT PACKING pc=0x00000000026570e8 sp=0x000000000237e770
Event: 11.620 Thread 0x0000000002380800 DEOPT UNPACKING pc=0x00000000024b75a4 sp=0x000000000237e6f8 mode 2
Event: 11.620 Thread 0x0000000002380800 Uncommon trap: trap_request=0xffffffc6 fr.pc=0x00000000026570e8
Event: 11.620 Thread 0x0000000002380800 DEOPT PACKING pc=0x00000000026570e8 sp=0x000000000237e770
Event: 11.620 Thread 0x0000000002380800 DEOPT UNPACKING pc=0x00000000024b75a4 sp=0x000000000237e6f8 mode 2
Event: 11.620 Thread 0x0000000002380800 Uncommon trap: trap_request=0xffffffc6 fr.pc=0x00000000026570e8
Event: 11.620 Thread 0x0000000002380800 DEOPT PACKING pc=0x00000000026570e8 sp=0x000000000237e770
Event: 11.620 Thread 0x0000000002380800 DEOPT UNPACKING pc=0x00000000024b75a4 sp=0x000000000237e6f8 mode 2
Event: 12.385 loading class 0x0000000008296650
Event: 12.385 loading class 0x0000000008296650 done


Dynamic libraries:
0x00007ff682ff0000 - 0x00007ff683023000 	C:\Program Files\Java\jdk1.7.0_51\bin\java.exe
0x00007ffe89e10000 - 0x00007ffe89fba000 	C:\Windows\SYSTEM32\ntdll.dll
0x00007ffe88330000 - 0x00007ffe8846a000 	C:\Windows\system32\KERNEL32.DLL
0x00007ffe87480000 - 0x00007ffe87590000 	C:\Windows\system32\KERNELBASE.dll
0x00007ffe85db0000 - 0x00007ffe85e38000 	C:\Windows\system32\apphelp.dll
0x00007ffe70020000 - 0x00007ffe7006f000 	C:\Windows\AppPatch\AppPatch64\AcGenral.DLL
0x00007ffe88750000 - 0x00007ffe887f7000 	C:\Windows\system32\msvcrt.dll
0x00007ffe86ec0000 - 0x00007ffe86eeb000 	C:\Windows\SYSTEM32\SspiCli.dll
0x00007ffe880e0000 - 0x00007ffe88131000 	C:\Windows\system32\SHLWAPI.dll
0x00007ffe88860000 - 0x00007ffe889d1000 	C:\Windows\system32\USER32.dll
0x00007ffe87c40000 - 0x00007ffe87db8000 	C:\Windows\system32\ole32.dll
0x00007ffe889e0000 - 0x00007ffe89df7000 	C:\Windows\system32\SHELL32.dll
0x00007ffe86810000 - 0x00007ffe8682f000 	C:\Windows\SYSTEM32\USERENV.dll
0x00007ffe88030000 - 0x00007ffe880d5000 	C:\Windows\system32\ADVAPI32.dll
0x00007ffe771c0000 - 0x00007ffe771db000 	C:\Windows\SYSTEM32\MPR.dll
0x00007ffe879d0000 - 0x00007ffe87b06000 	C:\Windows\system32\RPCRT4.dll
0x00007ffe87e70000 - 0x00007ffe87ec7000 	C:\Windows\SYSTEM32\sechost.dll
0x00007ffe877f0000 - 0x00007ffe879c6000 	C:\Windows\SYSTEM32\combase.dll
0x00007ffe87690000 - 0x00007ffe877d5000 	C:\Windows\system32\GDI32.dll
0x00007ffe87180000 - 0x00007ffe87194000 	C:\Windows\SYSTEM32\profapi.dll
0x00007ffe85a30000 - 0x00007ffe85acf000 	C:\Windows\SYSTEM32\SHCORE.dll
0x00007ffe87f90000 - 0x00007ffe87fc4000 	C:\Windows\system32\IMM32.DLL
0x00007ffe88470000 - 0x00007ffe885a9000 	C:\Windows\system32\MSCTF.dll
0x00007ffe85390000 - 0x00007ffe855ea000 	C:\Windows\WinSxS\amd64_microsoft.windows.common-controls_6595b64144ccf1df_6.0.9600.17031_none_6242a4b3ecbb55a1\COMCTL32.dll
0x0000000077d80000 - 0x0000000077e52000 	C:\Program Files\Java\jdk1.7.0_51\jre\bin\msvcr100.dll
0x0000000050230000 - 0x00000000509f9000 	C:\Program Files\Java\jdk1.7.0_51\jre\bin\server\jvm.dll
0x00007ffe81390000 - 0x00007ffe81399000 	C:\Windows\SYSTEM32\WSOCK32.dll
0x00007ffe84880000 - 0x00007ffe8489f000 	C:\Windows\SYSTEM32\WINMM.dll
0x00007ffe89e00000 - 0x00007ffe89e07000 	C:\Windows\system32\PSAPI.DLL
0x00007ffe87fd0000 - 0x00007ffe88028000 	C:\Windows\system32\WS2_32.dll
0x00007ffe847c0000 - 0x00007ffe847ea000 	C:\Windows\SYSTEM32\WINMMBASE.dll
0x00007ffe877e0000 - 0x00007ffe877e9000 	C:\Windows\system32\NSI.dll
0x00007ffe87430000 - 0x00007ffe8747a000 	C:\Windows\SYSTEM32\cfgmgr32.dll
0x00007ffe86020000 - 0x00007ffe86046000 	C:\Windows\SYSTEM32\DEVOBJ.dll
0x0000000050220000 - 0x000000005022f000 	C:\Program Files\Java\jdk1.7.0_51\jre\bin\verify.dll
0x00000000501f0000 - 0x0000000050218000 	C:\Program Files\Java\jdk1.7.0_51\jre\bin\java.dll
0x00000000501d0000 - 0x00000000501e5000 	C:\Program Files\Java\jdk1.7.0_51\jre\bin\zip.dll
0x00000000501b0000 - 0x00000000501c9000 	C:\Program Files\Java\jdk1.7.0_51\jre\bin\net.dll
0x00007ffe86ab0000 - 0x00007ffe86b08000 	C:\Windows\system32\mswsock.dll
0x0000000050190000 - 0x00000000501a1000 	C:\Program Files\Java\jdk1.7.0_51\jre\bin\nio.dll

VM Arguments:
jvm_args: -Xmx1024M -Dfile.encoding=windows-1252 -Duser.country=US -Duser.language=en -Duser.variant 
java_command: com.android.dx.command.Main --dex --output C:\Users\Dip\AndroidStudioProjects\MyApplication15\app\build\intermediates\pre-dexed\debug\classes-c66e60db871d74e7752855902b7eedf3bf772ed7.jar C:\Users\Dip\AndroidStudioProjects\MyApplication15\app\build\intermediates\exploded-aar\com.android.support\appcompat-v7\22.2.0\classes.jar
Launcher Type: SUN_STANDARD

Environment Variables:
PATH=C:\ProgramData\Oracle\Java\javapath;C:\Program Files (x86)\iis express\PHP\v5.3;C:\Program Files\Java\jdk1.7.0_51\bin;C:\Program Files\Microsoft\Web Platform Installer\;C:\Program Files (x86)\Skype\Phone\
USERNAME=Dip
OS=Windows_NT
PROCESSOR_IDENTIFIER=Intel64 Family 6 Model 69 Stepping 1, GenuineIntel



---------------  S Y S T E M  ---------------

OS: Windows 8 , 64 bit Build 9200 

CPU:total 4 (2 cores per cpu, 2 threads per core) family 6 model 69 stepping 1, cmov, cx8, fxsr, mmx, sse, sse2, sse3, ssse3, sse4.1, sse4.2, popcnt, avx, avx2, aes, erms, ht, tsc, tscinvbit

Memory: 4k page, physical 4129068k(314916k free), swap 7274796k(182104k free)

vm_info: Java HotSpot(TM) 64-Bit Server VM (24.51-b03) for windows-amd64 JRE (1.7.0_51-b13), built on Dec 18 2013 18:40:56 by "java_re" with unknown MS VC++:1600

time: Sat Jul 18 21:25:06 2015
elapsed time: 12 seconds

